#
# A fatal error has been detected by the Java Runtime Environment:
#
#  EXCEPTION_ACCESS_VIOLATION (0xc0000005) at pc=0x00007ff8ef9fa32c, pid=46076, tid=0x000000000000b1b8
#
# JRE version: Java(TM) SE Runtime Environment (8.0_152-b16) (build 1.8.0_152-b16)
# Java VM: Java HotSpot(TM) 64-Bit Server VM (25.152-b16 mixed mode windows-amd64 compressed oops)
# Problematic frame:
# C  [nvd3dumx.dll+0x99a32c]
#
# Failed to write core dump. Minidumps are not enabled by default on client versions of Windows
#
# If you would like to submit a bug report, please visit:
#   http://bugreport.java.com/bugreport/crash.jsp
# The crash happened outside the Java Virtual Machine in native code.
# See problematic frame for where to report the bug.
#

---------------  T H R E A D  ---------------

Current thread (0x000000002111a800):  JavaThread "AWT-Windows" daemon [_thread_in_native, id=45496, stack(0x0000000021ab0000,0x0000000021bb0000)]

siginfo: ExceptionCode=0xc0000005, reading address 0x0000000000000010

Registers:
RAX=0x0000000000000000, RBX=0x0000000021bab580, RCX=0x0000000002771370, RDX=0x0000000000000001
RSP=0x0000000021bab150, RBP=0x0000000021bab650, RSI=0x000000000276cc98, RDI=0x000000000276cc80
R8 =0x0000000000000201, R9 =0x0000000000000001, R10=0x0000000022518450, R11=0x0000000021bab170
R12=0x0000000000000008, R13=0x0000000000000001, R14=0x0000000000000000, R15=0x0000000000000001
RIP=0x00007ff8ef9fa32c, EFLAGS=0x0000000000010246

Top of Stack: (sp=0x0000000021bab150)
0x0000000021bab150:   0000000000000000 0000000000000800
0x0000000021bab160:   0000000000002000 0000000021bab1b0
0x0000000021bab170:   0000000000000000 0000000000000000
0x0000000021bab180:   0000000000000001 0000000022517ca0
0x0000000021bab190:   0000000000000000 0000000000000000
0x0000000021bab1a0:   0000000000000000 0000000000000000
0x0000000021bab1b0:   0000000000000000 0000000000000000
0x0000000021bab1c0:   0000000000000000 0000000000000000
0x0000000021bab1d0:   0000000000000000 0000000000000000
0x0000000021bab1e0:   0000000000000000 0000000000000000
0x0000000021bab1f0:   0000000000000000 0000000000000000
0x0000000021bab200:   0000000000000000 0000000000000000
0x0000000021bab210:   0000000000000000 0000000000000000
0x0000000021bab220:   0000000000000000 0000000000000000
0x0000000021bab230:   0000000000000000 0000000000000000
0x0000000021bab240:   0000000000000000 0000000000000000 

Instructions: (pc=0x00007ff8ef9fa32c)
0x00007ff8ef9fa30c:   4e 40 48 89 8c 24 38 02 00 00 c7 84 24 44 02 00
0x00007ff8ef9fa31c:   00 00 00 00 00 89 84 24 40 02 00 00 49 8b 42 70
0x00007ff8ef9fa32c:   48 8b 40 10 48 85 c0 74 06 48 83 c0 50 eb 05 b8
0x00007ff8ef9fa33c:   40 00 00 00 48 8b 00 48 89 44 24 20 49 8b 42 70 


Register to memory mapping:

RAX=0x0000000000000000 is an unknown value
RBX=0x0000000021bab580 is pointing into the stack for thread: 0x000000002111a800
RCX=0x0000000002771370 is an unknown value
RDX=0x0000000000000001 is an unknown value
RSP=0x0000000021bab150 is pointing into the stack for thread: 0x000000002111a800
RBP=0x0000000021bab650 is pointing into the stack for thread: 0x000000002111a800
RSI=0x000000000276cc98 is an unknown value
RDI=0x000000000276cc80 is an unknown value
R8 =0x0000000000000201 is an unknown value
R9 =0x0000000000000001 is an unknown value
R10=0x0000000022518450 is an unknown value
R11=0x0000000021bab170 is pointing into the stack for thread: 0x000000002111a800
R12=0x0000000000000008 is an unknown value
R13=0x0000000000000001 is an unknown value
R14=0x0000000000000000 is an unknown value
R15=0x0000000000000001 is an unknown value


Stack: [0x0000000021ab0000,0x0000000021bb0000],  sp=0x0000000021bab150,  free space=1004k
Native frames: (J=compiled Java code, j=interpreted, Vv=VM code, C=native code)
C  [nvd3dumx.dll+0x99a32c]
C  [nvd3dumx.dll+0x99a910]
C  [nvd3dumx.dll+0x99a23c]
C  [nvd3dumx.dll+0x9a0d1d]
C  [nvd3dumx.dll+0x9b7127]
C  [nvd3dumx.dll+0x9b7848]
C  [nvd3dumx.dll+0x95b599]
C  [nvd3dumx.dll+0x7e2bb4]
C  [nvd3dumx.dll+0x7c837a]
C  [nvd3dumx.dll+0x7e0bc8]
C  [nvd3dumx.dll+0x956dba]
C  [nvd3dumx.dll+0x91c9e4]
C  [nvd3dumx.dll+0x9b0afd]
C  [nvd3dumx.dll+0x99e5ff]
C  [nvd3dumx.dll+0x99f255]
C  [nvd3dumx.dll+0x96ec4a]
C  [d3d9.dll+0x29621]
C  [d3d9.dll+0x274d7]
C  [d3d9.dll+0x25cf2]
C  [d3d9.dll+0x29b32]
C  [d3d9.dll+0x25958]
C  [d3d9.dll+0x22574]
C  [SS2OSD.dll+0xad9b]
C  [awt.dll+0x19e9d]
C  [awt.dll+0x19ffb]
C  [awt.dll+0x1a9af]
C  [awt.dll+0x1e535]
C  [awt.dll+0x1b679]
C  0x00000000044f7f74

Java frames: (J=compiled Java code, j=interpreted, Vv=VM code)
j  sun.java2d.d3d.D3DGraphicsDevice.getDeviceCapsNative(I)I+0
j  sun.java2d.d3d.D3DGraphicsDevice.access$000(I)I+1
j  sun.java2d.d3d.D3DGraphicsDevice$1.run()V+8
v  ~StubRoutines::call_stub
j  sun.awt.windows.WToolkit.eventLoop()V+0
j  sun.awt.windows.WToolkit.run()V+58
j  java.lang.Thread.run()V+11
v  ~StubRoutines::call_stub

---------------  P R O C E S S  ---------------

Java Threads: ( => current thread )
  0x00000000043a3800 JavaThread "DestroyJavaVM" [_thread_blocked, id=46196, stack(0x0000000004280000,0x0000000004380000)]
  0x0000000021107800 JavaThread "AWT-EventQueue-0" [_thread_in_native, id=48064, stack(0x0000000021f40000,0x0000000022040000)]
=>0x000000002111a800 JavaThread "AWT-Windows" daemon [_thread_in_native, id=45496, stack(0x0000000021ab0000,0x0000000021bb0000)]
  0x0000000021119800 JavaThread "AWT-Shutdown" [_thread_blocked, id=108744, stack(0x00000000219b0000,0x0000000021ab0000)]
  0x000000002115f000 JavaThread "Java2D Disposer" daemon [_thread_blocked, id=125428, stack(0x00000000218b0000,0x00000000219b0000)]
  0x000000001ff9e000 JavaThread "Service Thread" daemon [_thread_blocked, id=66648, stack(0x0000000020af0000,0x0000000020bf0000)]
  0x000000001ff0a000 JavaThread "C1 CompilerThread3" daemon [_thread_blocked, id=100452, stack(0x00000000209f0000,0x0000000020af0000)]
  0x000000001ff02800 JavaThread "C2 CompilerThread2" daemon [_thread_blocked, id=92352, stack(0x00000000208f0000,0x00000000209f0000)]
  0x000000001ff01000 JavaThread "C2 CompilerThread1" daemon [_thread_blocked, id=93520, stack(0x00000000207f0000,0x00000000208f0000)]
  0x000000001fefc000 JavaThread "C2 CompilerThread0" daemon [_thread_blocked, id=46012, stack(0x00000000206f0000,0x00000000207f0000)]
  0x000000001fefb000 JavaThread "Attach Listener" daemon [_thread_blocked, id=40920, stack(0x00000000205f0000,0x00000000206f0000)]
  0x000000001dffe000 JavaThread "Signal Dispatcher" daemon [_thread_blocked, id=48296, stack(0x00000000204f0000,0x00000000205f0000)]
  0x000000001fef0800 JavaThread "Finalizer" daemon [_thread_blocked, id=47756, stack(0x00000000202d0000,0x00000000203d0000)]
  0x0000000004499800 JavaThread "Reference Handler" daemon [_thread_blocked, id=48120, stack(0x000000001fdd0000,0x000000001fed0000)]

Other Threads:
  0x000000001dfe9800 VMThread [stack: 0x000000001fcd0000,0x000000001fdd0000] [id=48040]
  0x000000001ffd9800 WatcherThread [stack: 0x0000000020fb0000,0x00000000210b0000] [id=95028]

VM state:not at safepoint (normal execution)

VM Mutex/Monitor currently owned by a thread: None

Heap:
 PSYoungGen      total 76288K, used 7864K [0x000000076ae00000, 0x0000000770300000, 0x00000007c0000000)
  eden space 65536K, 12% used [0x000000076ae00000,0x000000076b5ae3d8,0x000000076ee00000)
  from space 10752K, 0% used [0x000000076f880000,0x000000076f880000,0x0000000770300000)
  to   space 10752K, 0% used [0x000000076ee00000,0x000000076ee00000,0x000000076f880000)
 ParOldGen       total 175104K, used 0K [0x00000006c0a00000, 0x00000006cb500000, 0x000000076ae00000)
  object space 175104K, 0% used [0x00000006c0a00000,0x00000006c0a00000,0x00000006cb500000)
 Metaspace       used 5571K, capacity 5688K, committed 5888K, reserved 1056768K
  class space    used 660K, capacity 729K, committed 768K, reserved 1048576K

Card table byte_map: [0x00000000138a0000,0x00000000140a0000] byte_map_base: 0x000000001029b000

Marking Bits: (ParMarkBitMap*) 0x000000006e310860
 Begin Bits: [0x0000000014e00000, 0x0000000018dd8000)
 End Bits:   [0x0000000018dd8000, 0x000000001cdb0000)

Polling page: 0x0000000002670000

CodeCache: size=245760Kb used=1553Kb max_used=1553Kb free=244206Kb
 bounds [0x00000000044e0000, 0x0000000004750000, 0x00000000134e0000]
 total_blobs=568 nmethods=242 adapters=239
 compilation: enabled

Compilation events (10 events):
Event: 0.183 Thread 0x000000001ff0a000  237       3       jdk.internal.org.objectweb.asm.ByteVector::enlarge (51 bytes)
Event: 0.183 Thread 0x000000001ff0a000 nmethod 237 0x0000000004661310 code [0x0000000004661480, 0x00000000046617a8]
Event: 0.183 Thread 0x000000001ff0a000  236       1       java.lang.invoke.MethodTypeForm::basicType (5 bytes)
Event: 0.184 Thread 0x000000001ff0a000 nmethod 236 0x0000000004661890 code [0x00000000046619e0, 0x0000000004661af0]
Event: 0.598 Thread 0x000000001ff0a000  238       3       java.lang.invoke.MethodType$ConcurrentWeakInternSet::get (54 bytes)
Event: 0.599 Thread 0x000000001ff0a000 nmethod 238 0x0000000004661cd0 code [0x0000000004661f00, 0x0000000004662bd8]
Event: 0.599 Thread 0x000000001ff0a000  240       3       jdk.internal.org.objectweb.asm.ClassWriter::put122 (15 bytes)
Event: 0.599 Thread 0x000000001ff0a000 nmethod 240 0x0000000004663190 code [0x0000000004663300, 0x00000000046634f8]
Event: 0.770 Thread 0x000000001ff0a000  242       3       java.nio.Buffer::position (43 bytes)
Event: 0.770 Thread 0x000000001ff0a000 nmethod 242 0x00000000046647d0 code [0x0000000004664940, 0x0000000004664c08]

GC Heap History (0 events):
No events

Deoptimization events (1 events):
Event: 0.109 Thread 0x00000000043a3800 Uncommon trap: reason=unstable_if action=reinterpret pc=0x00000000045fcb84 method=java.lang.String.hashCode()I @ 14

Classes redefined (0 events):
No events

Internal exceptions (10 events):
Event: 0.033 Thread 0x00000000043a3800 Exception <a 'java/lang/NoSuchMethodError': Method sun.misc.Unsafe.prefetchRead(Ljava/lang/Object;J)V name or signature does not match> (0x000000076ae07f90) thrown at [C:\re\workspace\8-2-build-windows-amd64-cygwin\jdk8u152\9742\hotspot\src\share\vm\prims
Event: 0.093 Thread 0x00000000043a3800 Exception <a 'java/io/FileNotFoundException'> (0x000000076ae76918) thrown at [C:\re\workspace\8-2-build-windows-amd64-cygwin\jdk8u152\9742\hotspot\src\share\vm\prims\jni.cpp, line 709]
Event: 0.122 Thread 0x00000000043a3800 Exception <a 'java/security/PrivilegedActionException'> (0x000000076aed9c38) thrown at [C:\re\workspace\8-2-build-windows-amd64-cygwin\jdk8u152\9742\hotspot\src\share\vm\prims\jvm.cpp, line 1390]
Event: 0.122 Thread 0x00000000043a3800 Exception <a 'java/security/PrivilegedActionException'> (0x000000076aed9e48) thrown at [C:\re\workspace\8-2-build-windows-amd64-cygwin\jdk8u152\9742\hotspot\src\share\vm\prims\jvm.cpp, line 1390]
Event: 0.123 Thread 0x00000000043a3800 Exception <a 'java/security/PrivilegedActionException'> (0x000000076aeddab8) thrown at [C:\re\workspace\8-2-build-windows-amd64-cygwin\jdk8u152\9742\hotspot\src\share\vm\prims\jvm.cpp, line 1390]
Event: 0.123 Thread 0x00000000043a3800 Exception <a 'java/security/PrivilegedActionException'> (0x000000076aeddcc8) thrown at [C:\re\workspace\8-2-build-windows-amd64-cygwin\jdk8u152\9742\hotspot\src\share\vm\prims\jvm.cpp, line 1390]
Event: 0.126 Thread 0x00000000043a3800 Exception <a 'java/io/FileNotFoundException'> (0x000000076aee0ae0) thrown at [C:\re\workspace\8-2-build-windows-amd64-cygwin\jdk8u152\9742\hotspot\src\share\vm\prims\jni.cpp, line 709]
Event: 0.153 Thread 0x00000000043a3800 Exception <a 'java/lang/NoSuchFieldError': method resolution failed> (0x000000076b0f6838) thrown at [C:\re\workspace\8-2-build-windows-amd64-cygwin\jdk8u152\9742\hotspot\src\share\vm\prims\methodHandles.cpp, line 1167]
Event: 0.154 Thread 0x00000000043a3800 Exception <a 'java/lang/NoSuchFieldError': method resolution failed> (0x000000076b103c08) thrown at [C:\re\workspace\8-2-build-windows-amd64-cygwin\jdk8u152\9742\hotspot\src\share\vm\prims\methodHandles.cpp, line 1167]
Event: 0.606 Thread 0x0000000021107800 Exception <a 'java/io/FileNotFoundException'> (0x000000076b32c010) thrown at [C:\re\workspace\8-2-build-windows-amd64-cygwin\jdk8u152\9742\hotspot\src\share\vm\prims\jni.cpp, line 709]

Events (10 events):
Event: 0.770 loading class sun/java2d/pipe/RenderQueue done
Event: 0.770 loading class sun/java2d/d3d/D3DRenderQueue done
Event: 0.770 loading class sun/java2d/pipe/RenderBuffer
Event: 0.770 loading class sun/java2d/pipe/RenderBuffer done
Event: 0.770 loading class sun/java2d/d3d/D3DRenderQueue$1
Event: 0.770 loading class sun/java2d/d3d/D3DRenderQueue$1 done
Event: 0.771 loading class sun/java2d/d3d/D3DGraphicsDevice$1Result
Event: 0.771 loading class sun/java2d/d3d/D3DGraphicsDevice$1Result done
Event: 0.771 loading class sun/java2d/d3d/D3DGraphicsDevice$1
Event: 0.771 loading class sun/java2d/d3d/D3DGraphicsDevice$1 done


Dynamic libraries:
0x00007ff624630000 - 0x00007ff624667000 	C:\Program Files\Java\jre1.8.0_152\bin\javaw.exe
0x00007ff939b50000 - 0x00007ff939d30000 	C:\WINDOWS\SYSTEM32\ntdll.dll
0x00007ff937e40000 - 0x00007ff937eee000 	C:\WINDOWS\System32\KERNEL32.DLL
0x00007ff935f50000 - 0x00007ff9361b6000 	C:\WINDOWS\System32\KERNELBASE.dll
0x00007ff937bf0000 - 0x00007ff937c91000 	C:\WINDOWS\System32\ADVAPI32.dll
0x00007ff9374a0000 - 0x00007ff93753d000 	C:\WINDOWS\System32\msvcrt.dll
0x00007ff937540000 - 0x00007ff93759b000 	C:\WINDOWS\System32\sechost.dll
0x00007ff937210000 - 0x00007ff93732f000 	C:\WINDOWS\System32\RPCRT4.dll
0x00007ff937020000 - 0x00007ff9371af000 	C:\WINDOWS\System32\USER32.dll
0x00007ff937000000 - 0x00007ff937020000 	C:\WINDOWS\System32\win32u.dll
0x00007ff937710000 - 0x00007ff937738000 	C:\WINDOWS\System32\GDI32.dll
0x00007ff936610000 - 0x00007ff9367a3000 	C:\WINDOWS\System32\gdi32full.dll
0x00007ff936f00000 - 0x00007ff936f9b000 	C:\WINDOWS\System32\msvcp_win.dll
0x00007ff936490000 - 0x00007ff936586000 	C:\WINDOWS\System32\ucrtbase.dll
0x00007ff929090000 - 0x00007ff9292f9000 	C:\WINDOWS\WinSxS\amd64_microsoft.windows.common-controls_6595b64144ccf1df_6.0.16299.431_none_15c7d3ee93659e73\COMCTL32.dll
0x00007ff937740000 - 0x00007ff937a48000 	C:\WINDOWS\System32\combase.dll
0x00007ff936590000 - 0x00007ff936602000 	C:\WINDOWS\System32\bcryptPrimitives.dll
0x00007ff937cc0000 - 0x00007ff937ced000 	C:\WINDOWS\System32\IMM32.DLL
0x000000006ce60000 - 0x000000006cf32000 	C:\Program Files\Java\jre1.8.0_152\bin\msvcr100.dll
0x000000006daf0000 - 0x000000006e390000 	C:\Program Files\Java\jre1.8.0_152\bin\server\jvm.dll
0x00007ff937cb0000 - 0x00007ff937cb8000 	C:\WINDOWS\System32\PSAPI.DLL
0x00007ff9312e0000 - 0x00007ff9312ea000 	C:\WINDOWS\SYSTEM32\VERSION.dll
0x00007ff931d80000 - 0x00007ff931da3000 	C:\WINDOWS\SYSTEM32\WINMM.dll
0x00007ff92b1e0000 - 0x00007ff92b1e9000 	C:\WINDOWS\SYSTEM32\WSOCK32.dll
0x00007ff937a50000 - 0x00007ff937abc000 	C:\WINDOWS\System32\WS2_32.dll
0x00007ff931d20000 - 0x00007ff931d4a000 	C:\WINDOWS\SYSTEM32\WINMMBASE.dll
0x00007ff9361c0000 - 0x00007ff93620a000 	C:\WINDOWS\System32\cfgmgr32.dll
0x000000006da00000 - 0x000000006da0f000 	C:\Program Files\Java\jre1.8.0_152\bin\verify.dll
0x000000006d9d0000 - 0x000000006d9f9000 	C:\Program Files\Java\jre1.8.0_152\bin\java.dll
0x000000006d9b0000 - 0x000000006d9c6000 	C:\Program Files\Java\jre1.8.0_152\bin\zip.dll
0x00007ff938660000 - 0x00007ff939a98000 	C:\WINDOWS\System32\SHELL32.dll
0x00007ff937d90000 - 0x00007ff937e36000 	C:\WINDOWS\System32\shcore.dll
0x00007ff9367b0000 - 0x00007ff936ef7000 	C:\WINDOWS\System32\windows.storage.dll
0x00007ff9371b0000 - 0x00007ff937201000 	C:\WINDOWS\System32\shlwapi.dll
0x00007ff935f10000 - 0x00007ff935f21000 	C:\WINDOWS\System32\kernel.appcore.dll
0x00007ff935ec0000 - 0x00007ff935f0c000 	C:\WINDOWS\System32\powrprof.dll
0x00007ff935ea0000 - 0x00007ff935ebb000 	C:\WINDOWS\System32\profapi.dll
0x000000006d150000 - 0x000000006d2e8000 	C:\Program Files\Java\jre1.8.0_152\bin\awt.dll
0x00007ff937ac0000 - 0x00007ff937b85000 	C:\WINDOWS\System32\OLEAUT32.dll
0x00007ff933720000 - 0x00007ff9337a8000 	C:\WINDOWS\SYSTEM32\apphelp.dll
0x00007ff933850000 - 0x00007ff9338e5000 	C:\WINDOWS\system32\uxtheme.dll
0x00007ff937330000 - 0x00007ff937497000 	C:\WINDOWS\System32\MSCTF.dll
0x00007ff8fcea0000 - 0x00007ff8fcee9000 	C:\Program Files\ASUSTeKcomputer.Inc\SS2\UserInterface\x64\SS2OSD.dll
0x00007ff905d90000 - 0x00007ff905dc3000 	C:\Program Files\ASUSTeKcomputer.Inc\SS2\UserInterface\x64\SS2DevProps.dll
0x00007ff9375a0000 - 0x00007ff9376e9000 	C:\WINDOWS\System32\ole32.dll
0x00007ff934580000 - 0x00007ff9345aa000 	C:\WINDOWS\system32\dwmapi.dll
0x0000000021d90000 - 0x0000000021e2e000 	C:\WINDOWS\System32\clbcatq.dll
0x00007ff92f430000 - 0x00007ff92f49f000 	C:\WINDOWS\System32\MMDevApi.dll
0x00007ff933e00000 - 0x00007ff933fb1000 	C:\WINDOWS\System32\PROPSYS.dll
0x00007ff935cb0000 - 0x00007ff935cd7000 	C:\WINDOWS\System32\DEVOBJ.dll
0x00007ff91b140000 - 0x00007ff91b262000 	C:\WINDOWS\SYSTEM32\AUDIOSES.DLL
0x00007ff931e70000 - 0x00007ff931fa6000 	C:\WINDOWS\SYSTEM32\wintypes.dll
0x00007ff9317d0000 - 0x00007ff9317da000 	C:\WINDOWS\SYSTEM32\AVRT.dll
0x00007ff906e40000 - 0x00007ff906f5e000 	C:\WINDOWS\system32\opengl32.dll
0x00007ff9314b0000 - 0x00007ff9314dc000 	C:\WINDOWS\SYSTEM32\GLU32.dll
0x00007ff92dd70000 - 0x00007ff92df05000 	C:\WINDOWS\system32\d3d9.dll
0x00007ff92d1d0000 - 0x00007ff92d2bb000 	C:\WINDOWS\System32\DriverStore\FileRepository\nvami.inf_amd64_22fbea6bbc185918\nvldumdx.dll
0x00007ff9362c0000 - 0x00007ff93648e000 	C:\WINDOWS\System32\crypt32.dll
0x00007ff935f30000 - 0x00007ff935f42000 	C:\WINDOWS\System32\MSASN1.dll
0x00007ff936fa0000 - 0x00007ff936ff8000 	C:\WINDOWS\System32\WINTRUST.DLL
0x00007ff9376f0000 - 0x00007ff93770d000 	C:\WINDOWS\System32\imagehlp.dll
0x00007ff9358f0000 - 0x00007ff935907000 	C:\WINDOWS\SYSTEM32\CRYPTSP.dll
0x00007ff935330000 - 0x00007ff935363000 	C:\WINDOWS\system32\rsaenh.dll
0x00007ff935a00000 - 0x00007ff935a25000 	C:\WINDOWS\SYSTEM32\bcrypt.dll
0x00007ff935910000 - 0x00007ff93591b000 	C:\WINDOWS\SYSTEM32\CRYPTBASE.dll
0x00007ff8ef060000 - 0x00007ff8f0287000 	C:\WINDOWS\System32\DriverStore\FileRepository\nvami.inf_amd64_22fbea6bbc185918\nvd3dumx.dll
0x00007ff934940000 - 0x00007ff934b08000 	C:\WINDOWS\SYSTEM32\dbghelp.dll

VM Arguments:
jvm_args: -Dfile.encoding=UTF-8 
java_command: org.exactlearner.ui.HistoryInterface
java_class_path (initial): C:\Program Files\Java\jre1.8.0_152\lib\resources.jar;C:\Program Files\Java\jre1.8.0_152\lib\rt.jar;C:\Program Files\Java\jre1.8.0_152\lib\jsse.jar;C:\Program Files\Java\jre1.8.0_152\lib\jce.jar;C:\Program Files\Java\jre1.8.0_152\lib\charsets.jar;C:\Program Files\Java\jre1.8.0_152\lib\jfr.jar;C:\Program Files\Java\jre1.8.0_152\lib\ext\access-bridge-64.jar;C:\Program Files\Java\jre1.8.0_152\lib\ext\cldrdata.jar;C:\Program Files\Java\jre1.8.0_152\lib\ext\dnsns.jar;C:\Program Files\Java\jre1.8.0_152\lib\ext\jaccess.jar;C:\Program Files\Java\jre1.8.0_152\lib\ext\jfxrt.jar;C:\Program Files\Java\jre1.8.0_152\lib\ext\localedata.jar;C:\Program Files\Java\jre1.8.0_152\lib\ext\nashorn.jar;C:\Program Files\Java\jre1.8.0_152\lib\ext\sunec.jar;C:\Program Files\Java\jre1.8.0_152\lib\ext\sunjce_provider.jar;C:\Program Files\Java\jre1.8.0_152\lib\ext\sunmscapi.jar;C:\Program Files\Java\jre1.8.0_152\lib\ext\sunpkcs11.jar;C:\Program Files\Java\jre1.8.0_152\lib\ext\zipfs.jar;D:\Downloads\ExactLearner-master\target\classes;C:\Users\ricar\.m2\repository\org\semanticweb\elk\elk-owlapi\0.4.0\elk-owlapi-0.4.0.jar;C:\Users\ricar\.m2\repository\net\sourceforge\owlapi\owlapi-apibinding\3.4.4\owlapi-apibinding-3.4.4.jar;C:\Users\ricar\.m2\repository\net\sourceforge\owlapi\owlapi-parsers\3.4.4\owlapi-parsers-3.4.4.jar;C:\Users\ricar\.m2\repository\net\sourceforge\owlapi\owlapi-tools\3.4.4\owlapi-tools-3.4.4.jar;C:\Users\ricar\.m2\repository\org\apache\felix\org.osgi.core\1.0.0\org.osgi.core-1.0.0.jar;C:\Users\ricar\.m2\repository\net\sourceforge\owlapi\owlapi-api\3.4.4\owlapi-api-3.4.4.jar;C:\Users\ricar\.m2\repository\net\sourceforge\owlapi\owlapi-impl\3.4.4\owlapi-impl-3.4.4.jar;C:\Users\ricar\.m2\repository\org\semanticweb\elk\elk-owl-model\0.4.0\elk-owl-model-0.4.0.jar;C:\Users\ricar\.m2\repository\org\semanticweb\elk\elk-owl-implementation\0.4.0\elk-owl-implementation-0.4.0.jar;C:\Users\ricar\.m2\repository\org\semanticweb\elk\elk-util-hashing\0.4.0\elk-util-has
Launcher Type: SUN_STANDARD

Environment Variables:
CLASSPATH=C:\Program Files\Java\jre1.8.0_152\lib
PATH=C:/Program Files/Java/jre1.8.0_152/bin/server;C:/Program Files/Java/jre1.8.0_152/bin;C:/Program Files/Java/jre1.8.0_152/lib/amd64;C:\ProgramData\Oracle\Java\javapath;C:\Program Files (x86)\Intel\iCLS Client\;C:\Program Files\Intel\iCLS Client\;C:\Windows\system32;C:\Windows;C:\Windows\System32\Wbem;C:\Windows\System32\WindowsPowerShell\v1.0\;C:\Program Files (x86)\NVIDIA Corporation\PhysX\Common;C:\Program Files (x86)\Intel\Intel(R) Management Engine Components\DAL;C:\Program Files\Intel\Intel(R) Management Engine Components\DAL;C:\Program Files (x86)\Intel\Intel(R) Management Engine Components\IPT;C:\Program Files\Intel\Intel(R) Management Engine Components\IPT;C:\WINDOWS\system32;C:\WINDOWS;C:\WINDOWS\System32\Wbem;C:\WINDOWS\System32\WindowsPowerShell\v1.0\;C:\Program Files\Intel\WiFi\bin\;C:\Program Files\Common Files\Intel\WirelessCommon\;C:\Mav\apache-maven-3.5.2\bin;C:\Program Files\MiKTeX 2.9\miktex\bin\x64\;C:\Program Files\Java\jdk1.8.0_152\bin;C:\Users\ricar\AppData\Local\Microsoft\WindowsApps;C:\Users\ricar\AppData\Local\GitHubDesktop\bin;C:\Users\ricar\Desktop\java-oxygen\eclipse;
USERNAME=ricar
OS=Windows_NT
PROCESSOR_IDENTIFIER=Intel64 Family 6 Model 158 Stepping 9, GenuineIntel



---------------  S Y S T E M  ---------------

OS: Windows 10.0 , 64 bit Build 16299 (10.0.16299.431)

CPU:total 8 (initial active 8) (4 cores per cpu, 2 threads per core) family 6 model 158 stepping 9, cmov, cx8, fxsr, mmx, sse, sse2, sse3, ssse3, sse4.1, sse4.2, popcnt, avx, avx2, aes, clmul, erms, 3dnowpref, lzcnt, ht, tsc, tscinvbit, bmi1, bmi2, adx

Memory: 4k page, physical 16729548k(7497560k free), swap 19482060k(3990384k free)

vm_info: Java HotSpot(TM) 64-Bit Server VM (25.152-b16) for windows-amd64 JRE (1.8.0_152-b16), built on Sep 14 2017 02:29:36 by "java_re" with MS VC++ 10.0 (VS2010)

time: Thu May 17 10:15:37 2018
elapsed time: 0 seconds (0d 0h 0m 0s)

