#
# A fatal error has been detected by the Java Runtime Environment:
#
#  EXCEPTION_ACCESS_VIOLATION (0xc0000005) at pc=0x00007ffb16b5a32c, pid=18072, tid=0x0000000000000a48
#
# JRE version: Java(TM) SE Runtime Environment (8.0_152-b16) (build 1.8.0_152-b16)
# Java VM: Java HotSpot(TM) 64-Bit Server VM (25.152-b16 mixed mode windows-amd64 compressed oops)
# Problematic frame:
# C  [nvd3dumx.dll+0x99a32c]
#
# Failed to write core dump. Minidumps are not enabled by default on client versions of Windows
#
# If you would like to submit a bug report, please visit:
#   http://bugreport.java.com/bugreport/crash.jsp
# The crash happened outside the Java Virtual Machine in native code.
# See problematic frame for where to report the bug.
#

---------------  T H R E A D  ---------------

Current thread (0x0000000021e73000):  JavaThread "AWT-Windows" daemon [_thread_in_native, id=2632, stack(0x00000000227b0000,0x00000000228b0000)]

siginfo: ExceptionCode=0xc0000005, reading address 0x0000000000000010

Registers:
RAX=0x0000000000000000, RBX=0x00000000228ab1c0, RCX=0x000000002330a700, RDX=0x0000000000000001
RSP=0x00000000228aad90, RBP=0x00000000228ab290, RSI=0x00000000233b1028, RDI=0x00000000233b1010
R8 =0x0000000000000201, R9 =0x0000000000000001, R10=0x00000000294e3630, R11=0x00000000228aadb0
R12=0x0000000000000008, R13=0x0000000000000001, R14=0x0000000000000000, R15=0x0000000000000001
RIP=0x00007ffb16b5a32c, EFLAGS=0x0000000000010246

Top of Stack: (sp=0x00000000228aad90)
0x00000000228aad90:   0000000000000000 0000000000000800
0x00000000228aada0:   0000000000002000 00000000228aadf0
0x00000000228aadb0:   0000000000000000 0000000000000000
0x00000000228aadc0:   0000000000000001 0000000029753d80
0x00000000228aadd0:   0000000000000000 0000000000000000
0x00000000228aade0:   0000000000000000 0000000000000000
0x00000000228aadf0:   0000000000000000 0000000000000000
0x00000000228aae00:   0000000000000000 0000000000000000
0x00000000228aae10:   0000000000000000 0000000000000000
0x00000000228aae20:   0000000000000000 0000000000000000
0x00000000228aae30:   0000000000000000 0000000000000000
0x00000000228aae40:   0000000000000000 0000000000000000
0x00000000228aae50:   0000000000000000 0000000000000000
0x00000000228aae60:   0000000000000000 0000000000000000
0x00000000228aae70:   0000000000000000 0000000000000000
0x00000000228aae80:   0000000000000000 0000000000000000 

Instructions: (pc=0x00007ffb16b5a32c)
0x00007ffb16b5a30c:   4e 40 48 89 8c 24 38 02 00 00 c7 84 24 44 02 00
0x00007ffb16b5a31c:   00 00 00 00 00 89 84 24 40 02 00 00 49 8b 42 70
0x00007ffb16b5a32c:   48 8b 40 10 48 85 c0 74 06 48 83 c0 50 eb 05 b8
0x00007ffb16b5a33c:   40 00 00 00 48 8b 00 48 89 44 24 20 49 8b 42 70 


Register to memory mapping:

RAX=0x0000000000000000 is an unknown value
RBX=0x00000000228ab1c0 is pointing into the stack for thread: 0x0000000021e73000
RCX=0x000000002330a700 is an unknown value
RDX=0x0000000000000001 is an unknown value
RSP=0x00000000228aad90 is pointing into the stack for thread: 0x0000000021e73000
RBP=0x00000000228ab290 is pointing into the stack for thread: 0x0000000021e73000
RSI=0x00000000233b1028 is an unknown value
RDI=0x00000000233b1010 is an unknown value
R8 =0x0000000000000201 is an unknown value
R9 =0x0000000000000001 is an unknown value
R10=0x00000000294e3630 is an unknown value
R11=0x00000000228aadb0 is pointing into the stack for thread: 0x0000000021e73000
R12=0x0000000000000008 is an unknown value
R13=0x0000000000000001 is an unknown value
R14=0x0000000000000000 is an unknown value
R15=0x0000000000000001 is an unknown value


Stack: [0x00000000227b0000,0x00000000228b0000],  sp=0x00000000228aad90,  free space=1003k
Native frames: (J=compiled Java code, j=interpreted, Vv=VM code, C=native code)
C  [nvd3dumx.dll+0x99a32c]
C  [nvd3dumx.dll+0x99a910]
C  [nvd3dumx.dll+0x99a23c]
C  [nvd3dumx.dll+0x9a0d1d]
C  [nvd3dumx.dll+0x9b7127]
C  [nvd3dumx.dll+0x9b7848]
C  [nvd3dumx.dll+0x95b599]
C  [nvd3dumx.dll+0x7e2bb4]
C  [nvd3dumx.dll+0x7c837a]
C  [nvd3dumx.dll+0x7e0bc8]
C  [nvd3dumx.dll+0x956dba]
C  [nvd3dumx.dll+0x91c9e4]
C  [nvd3dumx.dll+0x9b0afd]
C  [nvd3dumx.dll+0x99e5ff]
C  [nvd3dumx.dll+0x99f255]
C  [nvd3dumx.dll+0x96ec4a]
C  [d3d9.dll+0x29621]
C  [d3d9.dll+0x274d7]
C  [d3d9.dll+0x25cf2]
C  [d3d9.dll+0x29b32]
C  [d3d9.dll+0x25958]
C  [d3d9.dll+0x22574]
C  [awt.dll+0x19e9d]
C  [awt.dll+0x19ffb]
C  [awt.dll+0x1a9af]
C  [awt.dll+0x1e535]
C  [awt.dll+0x1b679]
C  0x0000000005237f74

Java frames: (J=compiled Java code, j=interpreted, Vv=VM code)
j  sun.java2d.d3d.D3DGraphicsDevice.getDeviceCapsNative(I)I+0
j  sun.java2d.d3d.D3DGraphicsDevice.access$000(I)I+1
j  sun.java2d.d3d.D3DGraphicsDevice$1.run()V+8
v  ~StubRoutines::call_stub
j  sun.awt.windows.WToolkit.eventLoop()V+0
j  sun.awt.windows.WToolkit.run()V+58
j  java.lang.Thread.run()V+11
v  ~StubRoutines::call_stub

---------------  P R O C E S S  ---------------

Java Threads: ( => current thread )
  0x0000000021f37000 JavaThread "D3D Screen Updater" daemon [_thread_blocked, id=14504, stack(0x000000002b1f0000,0x000000002b2f0000)]
  0x0000000005123800 JavaThread "DestroyJavaVM" [_thread_blocked, id=12576, stack(0x0000000004f20000,0x0000000005020000)]
  0x0000000021e78000 JavaThread "AWT-EventQueue-0" [_thread_in_native, id=13116, stack(0x0000000022b90000,0x0000000022c90000)]
=>0x0000000021e73000 JavaThread "AWT-Windows" daemon [_thread_in_native, id=2632, stack(0x00000000227b0000,0x00000000228b0000)]
  0x0000000021e72000 JavaThread "AWT-Shutdown" [_thread_blocked, id=640, stack(0x00000000226b0000,0x00000000227b0000)]
  0x0000000021e6f800 JavaThread "Java2D Disposer" daemon [_thread_blocked, id=13120, stack(0x00000000225b0000,0x00000000226b0000)]
  0x0000000020ca7800 JavaThread "Service Thread" daemon [_thread_blocked, id=14776, stack(0x00000000217f0000,0x00000000218f0000)]
  0x0000000020c18000 JavaThread "C1 CompilerThread3" daemon [_thread_blocked, id=2988, stack(0x00000000216f0000,0x00000000217f0000)]
  0x0000000020c05000 JavaThread "C2 CompilerThread2" daemon [_thread_blocked, id=15204, stack(0x00000000215f0000,0x00000000216f0000)]
  0x0000000020c00800 JavaThread "C2 CompilerThread1" daemon [_thread_blocked, id=8064, stack(0x00000000214f0000,0x00000000215f0000)]
  0x0000000020bfc800 JavaThread "C2 CompilerThread0" daemon [_thread_blocked, id=1980, stack(0x00000000213f0000,0x00000000214f0000)]
  0x0000000020bfc000 JavaThread "Attach Listener" daemon [_thread_blocked, id=8452, stack(0x00000000212f0000,0x00000000213f0000)]
  0x0000000020bfb000 JavaThread "Signal Dispatcher" daemon [_thread_blocked, id=14248, stack(0x00000000211f0000,0x00000000212f0000)]
  0x0000000020bf0800 JavaThread "Finalizer" daemon [_thread_blocked, id=11940, stack(0x0000000020fd0000,0x00000000210d0000)]
  0x000000000521b800 JavaThread "Reference Handler" daemon [_thread_blocked, id=5672, stack(0x0000000020ad0000,0x0000000020bd0000)]

Other Threads:
  0x000000001ecd9800 VMThread [stack: 0x00000000209d0000,0x0000000020ad0000] [id=2924]
  0x0000000020ce2800 WatcherThread [stack: 0x00000000218f0000,0x00000000219f0000] [id=11520]

VM state:not at safepoint (normal execution)

VM Mutex/Monitor currently owned by a thread: None

Heap:
 PSYoungGen      total 76288K, used 13108K [0x000000076ae00000, 0x0000000770300000, 0x00000007c0000000)
  eden space 65536K, 20% used [0x000000076ae00000,0x000000076bacd150,0x000000076ee00000)
  from space 10752K, 0% used [0x000000076f880000,0x000000076f880000,0x0000000770300000)
  to   space 10752K, 0% used [0x000000076ee00000,0x000000076ee00000,0x000000076f880000)
 ParOldGen       total 175104K, used 0K [0x00000006c0a00000, 0x00000006cb500000, 0x000000076ae00000)
  object space 175104K, 0% used [0x00000006c0a00000,0x00000006c0a00000,0x00000006cb500000)
 Metaspace       used 9663K, capacity 9900K, committed 10112K, reserved 1058816K
  class space    used 1260K, capacity 1354K, committed 1408K, reserved 1048576K

Card table byte_map: [0x00000000145e0000,0x0000000014de0000] byte_map_base: 0x0000000010fdb000

Marking Bits: (ParMarkBitMap*) 0x00000000696c0860
 Begin Bits: [0x0000000015b40000, 0x0000000019b18000)
 End Bits:   [0x0000000019b18000, 0x000000001daf0000)

Polling page: 0x00000000036c0000

CodeCache: size=245760Kb used=2039Kb max_used=2051Kb free=243720Kb
 bounds [0x0000000005220000, 0x0000000005490000, 0x0000000014220000]
 total_blobs=917 nmethods=455 adapters=375
 compilation: enabled

Compilation events (10 events):
Event: 59403.441 Thread 0x0000000020bfc800  451       4       sun.java2d.loops.GraphicsPrimitiveMgr$2::compare (39 bytes)
Event: 59403.443 Thread 0x0000000020bfc800 nmethod 451 0x000000000541e610 code [0x000000000541e760, 0x000000000541e838]
Event: 59403.687 Thread 0x0000000020c18000  452   !   3       java.awt.Toolkit::setDesktopProperty (81 bytes)
Event: 59403.688 Thread 0x0000000020c18000 nmethod 452 0x000000000541ce90 code [0x000000000541d0c0, 0x000000000541dfc8]
Event: 59403.688 Thread 0x0000000020c18000  453       1       java.util.HashMap::size (5 bytes)
Event: 59403.688 Thread 0x0000000020c18000 nmethod 453 0x000000000541cbd0 code [0x000000000541cd20, 0x000000000541ce30]
Event: 59404.410 Thread 0x0000000020c05000  454       4       java.lang.String::compareTo (78 bytes)
Event: 59404.411 Thread 0x0000000020c00800  455       4       java.util.HashMap::getNode (148 bytes)
Event: 59404.413 Thread 0x0000000020c05000 nmethod 454 0x000000000541c7d0 code [0x000000000541c920, 0x000000000541cab8]
Event: 59404.415 Thread 0x0000000020c00800 nmethod 455 0x000000000541c010 code [0x000000000541c180, 0x000000000541c518]

GC Heap History (0 events):
No events

Deoptimization events (4 events):
Event: 0.118 Thread 0x0000000005123800 Uncommon trap: reason=unstable_if action=reinterpret pc=0x000000000533c244 method=java.lang.String.hashCode()I @ 14
Event: 8562.065 Thread 0x0000000021f37000 Uncommon trap: reason=unstable_if action=reinterpret pc=0x00000000054135f4 method=sun.java2d.StateTrackableDelegate$1.isCurrent()Z @ 8
Event: 8562.554 Thread 0x0000000021e78000 Uncommon trap: reason=unstable_if action=reinterpret pc=0x00000000054073ec method=java.util.Arrays.copyOf([Ljava/lang/Object;ILjava/lang/Class;)[Ljava/lang/Object; @ 3
Event: 8562.986 Thread 0x0000000021f37000 Uncommon trap: reason=unstable_if action=reinterpret pc=0x0000000005405970 method=java.util.ArrayList.toArray([Ljava/lang/Object;)[Ljava/lang/Object; @ 6

Classes redefined (0 events):
No events

Internal exceptions (10 events):
Event: 0.033 Thread 0x0000000005123800 Exception <a 'java/lang/NoSuchMethodError': Method sun.misc.Unsafe.defineClass(Ljava/lang/String;[BII)Ljava/lang/Class; name or signature does not match> (0x000000076ae07ca8) thrown at [C:\re\workspace\8-2-build-windows-amd64-cygwin\jdk8u152\9742\hotspot\
Event: 0.033 Thread 0x0000000005123800 Exception <a 'java/lang/NoSuchMethodError': Method sun.misc.Unsafe.prefetchRead(Ljava/lang/Object;J)V name or signature does not match> (0x000000076ae07f90) thrown at [C:\re\workspace\8-2-build-windows-amd64-cygwin\jdk8u152\9742\hotspot\src\share\vm\prims
Event: 0.132 Thread 0x0000000005123800 Exception <a 'java/security/PrivilegedActionException'> (0x000000076aeda0a0) thrown at [C:\re\workspace\8-2-build-windows-amd64-cygwin\jdk8u152\9742\hotspot\src\share\vm\prims\jvm.cpp, line 1390]
Event: 0.132 Thread 0x0000000005123800 Exception <a 'java/security/PrivilegedActionException'> (0x000000076aeda2b0) thrown at [C:\re\workspace\8-2-build-windows-amd64-cygwin\jdk8u152\9742\hotspot\src\share\vm\prims\jvm.cpp, line 1390]
Event: 0.132 Thread 0x0000000005123800 Exception <a 'java/security/PrivilegedActionException'> (0x000000076aeddf20) thrown at [C:\re\workspace\8-2-build-windows-amd64-cygwin\jdk8u152\9742\hotspot\src\share\vm\prims\jvm.cpp, line 1390]
Event: 0.132 Thread 0x0000000005123800 Exception <a 'java/security/PrivilegedActionException'> (0x000000076aede130) thrown at [C:\re\workspace\8-2-build-windows-amd64-cygwin\jdk8u152\9742\hotspot\src\share\vm\prims\jvm.cpp, line 1390]
Event: 0.135 Thread 0x0000000005123800 Exception <a 'java/io/FileNotFoundException'> (0x000000076aee0f48) thrown at [C:\re\workspace\8-2-build-windows-amd64-cygwin\jdk8u152\9742\hotspot\src\share\vm\prims\jni.cpp, line 709]
Event: 0.161 Thread 0x0000000005123800 Exception <a 'java/lang/NoSuchFieldError': method resolution failed> (0x000000076b0f6de0) thrown at [C:\re\workspace\8-2-build-windows-amd64-cygwin\jdk8u152\9742\hotspot\src\share\vm\prims\methodHandles.cpp, line 1167]
Event: 0.163 Thread 0x0000000005123800 Exception <a 'java/lang/NoSuchFieldError': method resolution failed> (0x000000076b1041b0) thrown at [C:\re\workspace\8-2-build-windows-amd64-cygwin\jdk8u152\9742\hotspot\src\share\vm\prims\methodHandles.cpp, line 1167]
Event: 0.564 Thread 0x0000000021e78000 Exception <a 'java/io/FileNotFoundException'> (0x000000076b32bba0) thrown at [C:\re\workspace\8-2-build-windows-amd64-cygwin\jdk8u152\9742\hotspot\src\share\vm\prims\jni.cpp, line 709]

Events (10 events):
Event: 8562.918 loading class sun/awt/image/BufImgSurfaceData done
Event: 8562.918 loading class sun/awt/image/BufImgSurfaceData$ICMColorData
Event: 8562.918 loading class sun/awt/image/BufImgSurfaceData$ICMColorData done
Event: 8562.918 loading class sun/java2d/loops/RenderLoops
Event: 8562.918 loading class sun/java2d/loops/RenderLoops done
Event: 8562.919 loading class javax/swing/RepaintManager$DisplayChangedRunnable
Event: 8562.919 loading class javax/swing/RepaintManager$DisplayChangedRunnable done
Event: 8562.986 Thread 0x0000000021f37000 Uncommon trap: trap_request=0xffffff65 fr.pc=0x0000000005405970
Event: 8562.986 Thread 0x0000000021f37000 DEOPT PACKING pc=0x0000000005405970 sp=0x000000002b2ef2f0
Event: 8562.986 Thread 0x0000000021f37000 DEOPT UNPACKING pc=0x000000000526582a sp=0x000000002b2ef2e0 mode 2


Dynamic libraries:
0x00007ff7f54a0000 - 0x00007ff7f54d7000 	C:\Program Files\Java\jre1.8.0_152\bin\javaw.exe
0x00007ffb72770000 - 0x00007ffb72950000 	C:\WINDOWS\SYSTEM32\ntdll.dll
0x00007ffb6fc40000 - 0x00007ffb6fcee000 	C:\WINDOWS\System32\KERNEL32.DLL
0x00007ffb6f930000 - 0x00007ffb6fb96000 	C:\WINDOWS\System32\KERNELBASE.dll
0x00007ffb6d5f0000 - 0x00007ffb6d678000 	C:\WINDOWS\SYSTEM32\apphelp.dll
0x00007ffb71960000 - 0x00007ffb71a01000 	C:\WINDOWS\System32\ADVAPI32.dll
0x00007ffb718c0000 - 0x00007ffb7195d000 	C:\WINDOWS\System32\msvcrt.dll
0x00007ffb6fdb0000 - 0x00007ffb6fe0b000 	C:\WINDOWS\System32\sechost.dll
0x00007ffb71a20000 - 0x00007ffb71b3f000 	C:\WINDOWS\System32\RPCRT4.dll
0x00007ffb71b40000 - 0x00007ffb71ccf000 	C:\WINDOWS\System32\USER32.dll
0x00007ffb6fba0000 - 0x00007ffb6fbc0000 	C:\WINDOWS\System32\win32u.dll
0x00007ffb71530000 - 0x00007ffb71558000 	C:\WINDOWS\System32\GDI32.dll
0x00007ffb6ed40000 - 0x00007ffb6eed3000 	C:\WINDOWS\System32\gdi32full.dll
0x00007ffb6f090000 - 0x00007ffb6f12b000 	C:\WINDOWS\System32\msvcp_win.dll
0x00007ffb6eee0000 - 0x00007ffb6efd6000 	C:\WINDOWS\System32\ucrtbase.dll
0x00007ffb62fd0000 - 0x00007ffb63239000 	C:\WINDOWS\WinSxS\amd64_microsoft.windows.common-controls_6595b64144ccf1df_6.0.16299.431_none_15c7d3ee93659e73\COMCTL32.dll
0x00007ffb71e50000 - 0x00007ffb72158000 	C:\WINDOWS\System32\combase.dll
0x00007ffb6fbc0000 - 0x00007ffb6fc32000 	C:\WINDOWS\System32\bcryptPrimitives.dll
0x00007ffb71300000 - 0x00007ffb7132d000 	C:\WINDOWS\System32\IMM32.DLL
0x0000000069850000 - 0x0000000069922000 	C:\Program Files\Java\jre1.8.0_152\bin\msvcr100.dll
0x0000000068ea0000 - 0x0000000069740000 	C:\Program Files\Java\jre1.8.0_152\bin\server\jvm.dll
0x00007ffb71a10000 - 0x00007ffb71a18000 	C:\WINDOWS\System32\PSAPI.DLL
0x00007ffb6be00000 - 0x00007ffb6be23000 	C:\WINDOWS\SYSTEM32\WINMM.dll
0x00007ffb6bdc0000 - 0x00007ffb6bdca000 	C:\WINDOWS\SYSTEM32\VERSION.dll
0x00007ffb5f080000 - 0x00007ffb5f089000 	C:\WINDOWS\SYSTEM32\WSOCK32.dll
0x00007ffb725b0000 - 0x00007ffb7261c000 	C:\WINDOWS\System32\WS2_32.dll
0x00007ffb6aad0000 - 0x00007ffb6aafa000 	C:\WINDOWS\SYSTEM32\winmmbase.dll
0x00007ffb6f8e0000 - 0x00007ffb6f92a000 	C:\WINDOWS\System32\cfgmgr32.dll
0x0000000068db0000 - 0x0000000068dbf000 	C:\Program Files\Java\jre1.8.0_152\bin\verify.dll
0x0000000068d80000 - 0x0000000068da9000 	C:\Program Files\Java\jre1.8.0_152\bin\java.dll
0x0000000068d60000 - 0x0000000068d76000 	C:\Program Files\Java\jre1.8.0_152\bin\zip.dll
0x00007ffb6fec0000 - 0x00007ffb712f8000 	C:\WINDOWS\System32\SHELL32.dll
0x00007ffb6fe10000 - 0x00007ffb6feb6000 	C:\WINDOWS\System32\shcore.dll
0x00007ffb6f190000 - 0x00007ffb6f8d7000 	C:\WINDOWS\System32\windows.storage.dll
0x00007ffb6fcf0000 - 0x00007ffb6fd41000 	C:\WINDOWS\System32\shlwapi.dll
0x00007ffb6eb50000 - 0x00007ffb6eb61000 	C:\WINDOWS\System32\kernel.appcore.dll
0x00007ffb6eac0000 - 0x00007ffb6eb0c000 	C:\WINDOWS\System32\powrprof.dll
0x00007ffb6eb10000 - 0x00007ffb6eb2b000 	C:\WINDOWS\System32\profapi.dll
0x0000000067ec0000 - 0x0000000068058000 	C:\Program Files\Java\jre1.8.0_152\bin\awt.dll
0x00007ffb71600000 - 0x00007ffb716c5000 	C:\WINDOWS\System32\OLEAUT32.dll
0x00007ffb6d720000 - 0x00007ffb6d7b5000 	C:\WINDOWS\system32\uxtheme.dll
0x00007ffb71750000 - 0x00007ffb718b7000 	C:\WINDOWS\System32\MSCTF.dll
0x00007ffb69f20000 - 0x00007ffb69f69000 	C:\Program Files\ASUSTeKcomputer.Inc\SS2\UserInterface\x64\SS2OSD.dll
0x00007ffb69f70000 - 0x00007ffb69fa3000 	C:\Program Files\ASUSTeKcomputer.Inc\SS2\UserInterface\x64\SS2DevProps.dll
0x00007ffb71d00000 - 0x00007ffb71e49000 	C:\WINDOWS\System32\ole32.dll
0x00007ffb6ca20000 - 0x00007ffb6ca4a000 	C:\WINDOWS\system32\dwmapi.dll
0x00007ffb71560000 - 0x00007ffb715fe000 	C:\WINDOWS\System32\clbcatq.dll
0x00007ffb67370000 - 0x00007ffb673df000 	C:\WINDOWS\System32\MMDevApi.dll
0x00007ffb6e8d0000 - 0x00007ffb6e8f7000 	C:\WINDOWS\System32\DEVOBJ.dll
0x00007ffb6c360000 - 0x00007ffb6c511000 	C:\WINDOWS\System32\PROPSYS.dll
0x00007ffb551a0000 - 0x00007ffb552c2000 	C:\WINDOWS\SYSTEM32\AUDIOSES.DLL
0x00007ffb6a830000 - 0x00007ffb6a966000 	C:\WINDOWS\SYSTEM32\wintypes.dll
0x00007ffb6a300000 - 0x00007ffb6a30a000 	C:\WINDOWS\SYSTEM32\AVRT.dll
0x00007ffb53de0000 - 0x00007ffb53efe000 	C:\WINDOWS\system32\opengl32.dll
0x00007ffb57d60000 - 0x00007ffb57d8c000 	C:\WINDOWS\SYSTEM32\GLU32.dll
0x00007ffb6eb70000 - 0x00007ffb6ed3e000 	C:\WINDOWS\System32\crypt32.dll
0x00007ffb6eb30000 - 0x00007ffb6eb42000 	C:\WINDOWS\System32\MSASN1.dll
0x00000000050b0000 - 0x0000000005108000 	C:\WINDOWS\System32\WINTRUST.DLL
0x00007ffb71ce0000 - 0x00007ffb71cfd000 	C:\WINDOWS\System32\imagehlp.dll
0x00007ffb6e7f0000 - 0x00007ffb6e807000 	C:\WINDOWS\SYSTEM32\CRYPTSP.dll
0x00007ffb6dc00000 - 0x00007ffb6dc33000 	C:\WINDOWS\system32\rsaenh.dll
0x00007ffb6e5f0000 - 0x00007ffb6e615000 	C:\WINDOWS\SYSTEM32\bcrypt.dll
0x00007ffb6e1c0000 - 0x00007ffb6e1cb000 	C:\WINDOWS\SYSTEM32\CRYPTBASE.dll
0x00007ffb63730000 - 0x00007ffb637f2000 	C:\Program Files (x86)\NVIDIA Corporation\3D Vision\nvSCPAPI64.dll
0x00007ffb72160000 - 0x00007ffb725ae000 	C:\WINDOWS\System32\SETUPAPI.dll
0x00007ffb3c9c0000 - 0x00007ffb3cc26000 	C:\WINDOWS\system32\nvspcap64.dll
0x00007ffb6d870000 - 0x00007ffb6d8a1000 	C:\WINDOWS\SYSTEM32\ntmarta.dll
0x00007ffb6cf30000 - 0x00007ffb6cf52000 	C:\WINDOWS\SYSTEM32\gpapi.dll
0x00007ffb5c580000 - 0x00007ffb5c5af000 	C:\WINDOWS\SYSTEM32\cryptnet.dll
0x0000000067e70000 - 0x0000000067eb7000 	C:\Program Files\Java\jre1.8.0_152\bin\fontmanager.dll
0x0000000068d40000 - 0x0000000068d5a000 	C:\Program Files\Java\jre1.8.0_152\bin\net.dll
0x00007ffb6e000000 - 0x00007ffb6e066000 	C:\WINDOWS\system32\mswsock.dll
0x0000000068d20000 - 0x0000000068d31000 	C:\Program Files\Java\jre1.8.0_152\bin\nio.dll
0x0000000067e20000 - 0x0000000067e62000 	C:\Program Files\Java\jre1.8.0_152\bin\t2k.dll
0x00007ffb62240000 - 0x00007ffb622d8000 	C:\WINDOWS\System32\TextInputFramework.dll
0x00007ffb68970000 - 0x00007ffb68c5e000 	C:\WINDOWS\System32\CoreUIComponents.dll
0x00007ffb6d2a0000 - 0x00007ffb6d37c000 	C:\WINDOWS\System32\CoreMessaging.dll
0x00007ffb66fa0000 - 0x00007ffb67135000 	C:\WINDOWS\system32\d3d9.dll
0x00007ffb664c0000 - 0x00007ffb665ab000 	C:\WINDOWS\System32\DriverStore\FileRepository\nvami.inf_amd64_22fbea6bbc185918\nvldumdx.dll
0x00007ffb161c0000 - 0x00007ffb173e7000 	C:\WINDOWS\System32\DriverStore\FileRepository\nvami.inf_amd64_22fbea6bbc185918\nvd3dumx.dll
0x00007ffb6e620000 - 0x00007ffb6e7e8000 	C:\WINDOWS\SYSTEM32\dbghelp.dll

VM Arguments:
jvm_args: -Dfile.encoding=UTF-8 
java_command: org.exactlearner.ui.LoadFromList
java_class_path (initial): C:\Program Files\Java\jre1.8.0_152\lib\resources.jar;C:\Program Files\Java\jre1.8.0_152\lib\rt.jar;C:\Program Files\Java\jre1.8.0_152\lib\jsse.jar;C:\Program Files\Java\jre1.8.0_152\lib\jce.jar;C:\Program Files\Java\jre1.8.0_152\lib\charsets.jar;C:\Program Files\Java\jre1.8.0_152\lib\jfr.jar;C:\Program Files\Java\jre1.8.0_152\lib\ext\access-bridge-64.jar;C:\Program Files\Java\jre1.8.0_152\lib\ext\cldrdata.jar;C:\Program Files\Java\jre1.8.0_152\lib\ext\dnsns.jar;C:\Program Files\Java\jre1.8.0_152\lib\ext\jaccess.jar;C:\Program Files\Java\jre1.8.0_152\lib\ext\jfxrt.jar;C:\Program Files\Java\jre1.8.0_152\lib\ext\localedata.jar;C:\Program Files\Java\jre1.8.0_152\lib\ext\nashorn.jar;C:\Program Files\Java\jre1.8.0_152\lib\ext\sunec.jar;C:\Program Files\Java\jre1.8.0_152\lib\ext\sunjce_provider.jar;C:\Program Files\Java\jre1.8.0_152\lib\ext\sunmscapi.jar;C:\Program Files\Java\jre1.8.0_152\lib\ext\sunpkcs11.jar;C:\Program Files\Java\jre1.8.0_152\lib\ext\zipfs.jar;D:\Downloads\ExactLearner-master\target\classes;C:\Users\ricar\.m2\repository\org\semanticweb\elk\elk-owlapi\0.4.0\elk-owlapi-0.4.0.jar;C:\Users\ricar\.m2\repository\net\sourceforge\owlapi\owlapi-apibinding\3.4.4\owlapi-apibinding-3.4.4.jar;C:\Users\ricar\.m2\repository\net\sourceforge\owlapi\owlapi-parsers\3.4.4\owlapi-parsers-3.4.4.jar;C:\Users\ricar\.m2\repository\net\sourceforge\owlapi\owlapi-tools\3.4.4\owlapi-tools-3.4.4.jar;C:\Users\ricar\.m2\repository\org\apache\felix\org.osgi.core\1.0.0\org.osgi.core-1.0.0.jar;C:\Users\ricar\.m2\repository\net\sourceforge\owlapi\owlapi-api\3.4.4\owlapi-api-3.4.4.jar;C:\Users\ricar\.m2\repository\net\sourceforge\owlapi\owlapi-impl\3.4.4\owlapi-impl-3.4.4.jar;C:\Users\ricar\.m2\repository\org\semanticweb\elk\elk-owl-model\0.4.0\elk-owl-model-0.4.0.jar;C:\Users\ricar\.m2\repository\org\semanticweb\elk\elk-owl-implementation\0.4.0\elk-owl-implementation-0.4.0.jar;C:\Users\ricar\.m2\repository\org\semanticweb\elk\elk-util-hashing\0.4.0\elk-util-has
Launcher Type: SUN_STANDARD

Environment Variables:
CLASSPATH=C:\Program Files\Java\jre1.8.0_152\lib
PATH=C:/Program Files/Java/jre1.8.0_152/bin/server;C:/Program Files/Java/jre1.8.0_152/bin;C:/Program Files/Java/jre1.8.0_152/lib/amd64;C:\ProgramData\Oracle\Java\javapath;C:\Program Files (x86)\Intel\iCLS Client\;C:\Program Files\Intel\iCLS Client\;C:\Windows\system32;C:\Windows;C:\Windows\System32\Wbem;C:\Windows\System32\WindowsPowerShell\v1.0\;C:\Program Files (x86)\NVIDIA Corporation\PhysX\Common;C:\Program Files (x86)\Intel\Intel(R) Management Engine Components\DAL;C:\Program Files\Intel\Intel(R) Management Engine Components\DAL;C:\Program Files (x86)\Intel\Intel(R) Management Engine Components\IPT;C:\Program Files\Intel\Intel(R) Management Engine Components\IPT;C:\WINDOWS\system32;C:\WINDOWS;C:\WINDOWS\System32\Wbem;C:\WINDOWS\System32\WindowsPowerShell\v1.0\;C:\Program Files\Intel\WiFi\bin\;C:\Program Files\Common Files\Intel\WirelessCommon\;C:\Mav\apache-maven-3.5.2\bin;C:\Program Files\MiKTeX 2.9\miktex\bin\x64\;C:\Program Files\Java\jdk1.8.0_152\bin;C:\Users\ricar\AppData\Local\Microsoft\WindowsApps;C:\Users\ricar\AppData\Local\GitHubDesktop\bin;C:\Users\ricar\Desktop\java-oxygen\eclipse;
USERNAME=ricar
OS=Windows_NT
PROCESSOR_IDENTIFIER=Intel64 Family 6 Model 158 Stepping 9, GenuineIntel



---------------  S Y S T E M  ---------------

OS: Windows 10.0 , 64 bit Build 16299 (10.0.16299.431)

CPU:total 8 (initial active 8) (4 cores per cpu, 2 threads per core) family 6 model 158 stepping 9, cmov, cx8, fxsr, mmx, sse, sse2, sse3, ssse3, sse4.1, sse4.2, popcnt, avx, avx2, aes, clmul, erms, 3dnowpref, lzcnt, ht, tsc, tscinvbit, bmi1, bmi2, adx

Memory: 4k page, physical 16729548k(7939448k free), swap 19219916k(3681076k free)

vm_info: Java HotSpot(TM) 64-Bit Server VM (25.152-b16) for windows-amd64 JRE (1.8.0_152-b16), built on Sep 14 2017 02:29:36 by "java_re" with MS VC++ 10.0 (VS2010)

time: Tue May 15 22:00:27 2018
elapsed time: 91206 seconds (1d 1h 20m 6s)

